  main.cpp
sfml-graphics-s-d.lib(Image.obj) : error LNK2038: mismatch detected for '_MSC_VER': value '1800' doesn't match value '1900' in baddy.obj
sfml-graphics-s-d.lib(Texture.obj) : error LNK2038: mismatch detected for '_MSC_VER': value '1800' doesn't match value '1900' in baddy.obj
sfml-graphics-s-d.lib(Transformable.obj) : error LNK2038: mismatch detected for '_MSC_VER': value '1800' doesn't match value '1900' in baddy.obj
sfml-graphics-s-d.lib(Sprite.obj) : error LNK2038: mismatch detected for '_MSC_VER': value '1800' doesn't match value '1900' in baddy.obj
sfml-graphics-s-d.lib(Color.obj) : error LNK2038: mismatch detected for '_MSC_VER': value '1800' doesn't match value '1900' in baddy.obj
sfml-graphics-s-d.lib(Shape.obj) : error LNK2038: mismatch detected for '_MSC_VER': value '1800' doesn't match value '1900' in baddy.obj
sfml-graphics-s-d.lib(RectangleShape.obj) : error LNK2038: mismatch detected for '_MSC_VER': value '1800' doesn't match value '1900' in baddy.obj
sfml-graphics-s-d.lib(Font.obj) : error LNK2038: mismatch detected for '_MSC_VER': value '1800' doesn't match value '1900' in baddy.obj
sfml-graphics-s-d.lib(RenderTarget.obj) : error LNK2038: mismatch detected for '_MSC_VER': value '1800' doesn't match value '1900' in baddy.obj
sfml-graphics-s-d.lib(RenderWindow.obj) : error LNK2038: mismatch detected for '_MSC_VER': value '1800' doesn't match value '1900' in baddy.obj
sfml-graphics-s-d.lib(Text.obj) : error LNK2038: mismatch detected for '_MSC_VER': value '1800' doesn't match value '1900' in baddy.obj
sfml-graphics-s-d.lib(RenderStates.obj) : error LNK2038: mismatch detected for '_MSC_VER': value '1800' doesn't match value '1900' in baddy.obj
sfml-graphics-s-d.lib(ImageLoader.obj) : error LNK2038: mismatch detected for '_MSC_VER': value '1800' doesn't match value '1900' in baddy.obj
sfml-graphics-s-d.lib(GLCheck.obj) : error LNK2038: mismatch detected for '_MSC_VER': value '1800' doesn't match value '1900' in baddy.obj
sfml-graphics-s-d.lib(TextureSaver.obj) : error LNK2038: mismatch detected for '_MSC_VER': value '1800' doesn't match value '1900' in baddy.obj
sfml-graphics-s-d.lib(Transform.obj) : error LNK2038: mismatch detected for '_MSC_VER': value '1800' doesn't match value '1900' in baddy.obj
sfml-graphics-s-d.lib(VertexArray.obj) : error LNK2038: mismatch detected for '_MSC_VER': value '1800' doesn't match value '1900' in baddy.obj
sfml-graphics-s-d.lib(View.obj) : error LNK2038: mismatch detected for '_MSC_VER': value '1800' doesn't match value '1900' in baddy.obj
sfml-graphics-s-d.lib(Shader.obj) : error LNK2038: mismatch detected for '_MSC_VER': value '1800' doesn't match value '1900' in baddy.obj
sfml-window-s-d.lib(VideoMode.obj) : error LNK2038: mismatch detected for '_MSC_VER': value '1800' doesn't match value '1900' in baddy.obj
sfml-window-s-d.lib(Window.obj) : error LNK2038: mismatch detected for '_MSC_VER': value '1800' doesn't match value '1900' in baddy.obj
sfml-window-s-d.lib(VideoModeImpl.obj) : error LNK2038: mismatch detected for '_MSC_VER': value '1800' doesn't match value '1900' in baddy.obj
sfml-window-s-d.lib(GlContext.obj) : error LNK2038: mismatch detected for '_MSC_VER': value '1800' doesn't match value '1900' in baddy.obj
sfml-window-s-d.lib(WindowImpl.obj) : error LNK2038: mismatch detected for '_MSC_VER': value '1800' doesn't match value '1900' in baddy.obj
sfml-window-s-d.lib(WglContext.obj) : error LNK2038: mismatch detected for '_MSC_VER': value '1800' doesn't match value '1900' in baddy.obj
sfml-window-s-d.lib(JoystickManager.obj) : error LNK2038: mismatch detected for '_MSC_VER': value '1800' doesn't match value '1900' in baddy.obj
sfml-window-s-d.lib(WindowImplWin32.obj) : error LNK2038: mismatch detected for '_MSC_VER': value '1800' doesn't match value '1900' in baddy.obj
sfml-window-s-d.lib(JoystickImpl.obj) : error LNK2038: mismatch detected for '_MSC_VER': value '1800' doesn't match value '1900' in baddy.obj
sfml-system-s-d.lib(String.obj) : error LNK2038: mismatch detected for '_MSC_VER': value '1800' doesn't match value '1900' in baddy.obj
sfml-system-s-d.lib(Err.obj) : error LNK2038: mismatch detected for '_MSC_VER': value '1800' doesn't match value '1900' in baddy.obj
sfml-system-s-d.lib(ThreadLocal.obj) : error LNK2038: mismatch detected for '_MSC_VER': value '1800' doesn't match value '1900' in baddy.obj
sfml-system-s-d.lib(String.obj) : warning LNK4049: locally defined symbol ??0_Container_base12@std@@QAE@XZ (public: __thiscall std::_Container_base12::_Container_base12(void)) imported
sfml-system-s-d.lib(Err.obj) : warning LNK4049: locally defined symbol ??0_Container_base12@std@@QAE@XZ (public: __thiscall std::_Container_base12::_Container_base12(void)) imported
sfml-window-s-d.lib(GlContext.obj) : warning LNK4049: locally defined symbol ??0_Container_base12@std@@QAE@XZ (public: __thiscall std::_Container_base12::_Container_base12(void)) imported
sfml-window-s-d.lib(WindowImpl.obj) : warning LNK4217: locally defined symbol ??0_Container_base12@std@@QAE@XZ (public: __thiscall std::_Container_base12::_Container_base12(void)) imported in function __unwindfunclet$??$construct@PADAAPAD@?$allocator@D@std@@QAEXPAPADAAPAD@Z$0
sfml-window-s-d.lib(WglContext.obj) : warning LNK4049: locally defined symbol ??0_Container_base12@std@@QAE@XZ (public: __thiscall std::_Container_base12::_Container_base12(void)) imported
sfml-window-s-d.lib(WindowImplWin32.obj) : warning LNK4217: locally defined symbol ??0_Container_base12@std@@QAE@XZ (public: __thiscall std::_Container_base12::_Container_base12(void)) imported in function "class std::basic_ostream<char,struct std::char_traits<char> > & __cdecl std::operator<<<struct std::char_traits<char> >(class std::basic_ostream<char,struct std::char_traits<char> > &,char const *)" (??$?6U?$char_traits@D@std@@@std@@YAAAV?$basic_ostream@DU?$char_traits@D@std@@@0@AAV10@PBD@Z)
sfml-graphics-s-d.lib(Shader.obj) : warning LNK4049: locally defined symbol ??0_Container_base12@std@@QAE@XZ (public: __thiscall std::_Container_base12::_Container_base12(void)) imported
sfml-window-s-d.lib(VideoMode.obj) : warning LNK4217: locally defined symbol ??0_Container_base12@std@@QAE@XZ (public: __thiscall std::_Container_base12::_Container_base12(void)) imported in function "int __cdecl std::operator-<class std::_Vector_iterator<class std::_Vector_val<struct std::_Simple_types<class sf::VideoMode> > >,class std::_Vector_iterator<class std::_Vector_val<struct std::_Simple_types<class sf::VideoMode> > > >(class std::move_iterator<class std::_Vector_iterator<class std::_Vector_val<struct std::_Simple_types<class sf::VideoMode> > > > &,class std::move_iterator<class std::_Vector_iterator<class std::_Vector_val<struct std::_Simple_types<class sf::VideoMode> > > > const &)" (??$?GV?$_Vector_iterator@V?$_Vector_val@U?$_Simple_types@VVideoMode@sf@@@std@@@std@@@std@@V01@@std@@YAHAAV?$move_iterator@V?$_Vector_iterator@V?$_Vector_val@U?$_Simple_types@VVideoMode@sf@@@std@@@std@@@std@@@0@ABV10@@Z)
sfml-window-s-d.lib(Window.obj) : warning LNK4049: locally defined symbol ??0_Container_base12@std@@QAE@XZ (public: __thiscall std::_Container_base12::_Container_base12(void)) imported
sfml-window-s-d.lib(VideoModeImpl.obj) : warning LNK4049: locally defined symbol ??0_Container_base12@std@@QAE@XZ (public: __thiscall std::_Container_base12::_Container_base12(void)) imported
sfml-graphics-s-d.lib(ImageLoader.obj) : warning LNK4049: locally defined symbol ??0_Container_base12@std@@QAE@XZ (public: __thiscall std::_Container_base12::_Container_base12(void)) imported
sfml-graphics-s-d.lib(GLCheck.obj) : warning LNK4049: locally defined symbol ??0_Container_base12@std@@QAE@XZ (public: __thiscall std::_Container_base12::_Container_base12(void)) imported
sfml-graphics-s-d.lib(TextureSaver.obj) : warning LNK4049: locally defined symbol ??0_Container_base12@std@@QAE@XZ (public: __thiscall std::_Container_base12::_Container_base12(void)) imported
sfml-graphics-s-d.lib(VertexArray.obj) : warning LNK4049: locally defined symbol ??0_Container_base12@std@@QAE@XZ (public: __thiscall std::_Container_base12::_Container_base12(void)) imported
sfml-graphics-s-d.lib(Font.obj) : warning LNK4049: locally defined symbol ??0_Container_base12@std@@QAE@XZ (public: __thiscall std::_Container_base12::_Container_base12(void)) imported
sfml-graphics-s-d.lib(RenderTarget.obj) : warning LNK4049: locally defined symbol ??0_Container_base12@std@@QAE@XZ (public: __thiscall std::_Container_base12::_Container_base12(void)) imported
sfml-graphics-s-d.lib(RenderWindow.obj) : warning LNK4217: locally defined symbol ??0_Container_base12@std@@QAE@XZ (public: __thiscall std::_Container_base12::_Container_base12(void)) imported in function "public: __thiscall std::_Vector_alloc<0,struct std::_Vec_base_types<unsigned char,class std::allocator<unsigned char> > >::~_Vector_alloc<0,struct std::_Vec_base_types<unsigned char,class std::allocator<unsigned char> > >(void)" (??1?$_Vector_alloc@$0A@U?$_Vec_base_types@EV?$allocator@E@std@@@std@@@std@@QAE@XZ)
sfml-graphics-s-d.lib(Text.obj) : warning LNK4217: locally defined symbol ??0_Container_base12@std@@QAE@XZ (public: __thiscall std::_Container_base12::_Container_base12(void)) imported in function "protected: void __thiscall std::vector<class sf::Vertex,class std::allocator<class sf::Vertex> >::_Destroy(class sf::Vertex *,class sf::Vertex *)" (?_Destroy@?$vector@VVertex@sf@@V?$allocator@VVertex@sf@@@std@@@std@@IAEXPAVVertex@sf@@0@Z)
sfml-graphics-s-d.lib(Image.obj) : warning LNK4217: locally defined symbol ??0_Container_base12@std@@QAE@XZ (public: __thiscall std::_Container_base12::_Container_base12(void)) imported in function "public: __thiscall std::_String_val<struct std::_Simple_types<char> >::_String_val<struct std::_Simple_types<char> >(void)" (??0?$_String_val@U?$_Simple_types@D@std@@@std@@QAE@XZ)
sfml-graphics-s-d.lib(Texture.obj) : warning LNK4217: locally defined symbol ??0_Container_base12@std@@QAE@XZ (public: __thiscall std::_Container_base12::_Container_base12(void)) imported in function __catch$?_Copy@?$basic_string@DU?$char_traits@D@std@@V?$allocator@D@2@@std@@QAEXII@Z$1
sfml-graphics-s-d.lib(Sprite.obj) : warning LNK4049: locally defined symbol ??0_Container_base12@std@@QAE@XZ (public: __thiscall std::_Container_base12::_Container_base12(void)) imported
sfml-graphics-s-d.lib(Shape.obj) : warning LNK4049: locally defined symbol ??0_Container_base12@std@@QAE@XZ (public: __thiscall std::_Container_base12::_Container_base12(void)) imported
sfml-system-s-d.lib(String.obj) : warning LNK4049: locally defined symbol ??1_Container_base12@std@@QAE@XZ (public: __thiscall std::_Container_base12::~_Container_base12(void)) imported
sfml-system-s-d.lib(Err.obj) : warning LNK4049: locally defined symbol ??1_Container_base12@std@@QAE@XZ (public: __thiscall std::_Container_base12::~_Container_base12(void)) imported
sfml-window-s-d.lib(GlContext.obj) : warning LNK4049: locally defined symbol ??1_Container_base12@std@@QAE@XZ (public: __thiscall std::_Container_base12::~_Container_base12(void)) imported
sfml-window-s-d.lib(WindowImpl.obj) : warning LNK4217: locally defined symbol ??1_Container_base12@std@@QAE@XZ (public: __thiscall std::_Container_base12::~_Container_base12(void)) imported in function "public: class sf::Event const & __thiscall std::_Deque_const_iterator<class std::_Deque_val<struct std::_Deque_simple_types<class sf::Event> > >::operator*(void)const " (??D?$_Deque_const_iterator@V?$_Deque_val@U?$_Deque_simple_types@VEvent@sf@@@std@@@std@@@std@@QBEABVEvent@sf@@XZ)
sfml-window-s-d.lib(WglContext.obj) : warning LNK4049: locally defined symbol ??1_Container_base12@std@@QAE@XZ (public: __thiscall std::_Container_base12::~_Container_base12(void)) imported
sfml-window-s-d.lib(WindowImplWin32.obj) : warning LNK4217: locally defined symbol ??1_Container_base12@std@@QAE@XZ (public: __thiscall std::_Container_base12::~_Container_base12(void)) imported in function "class std::basic_ostream<char,struct std::char_traits<char> > & __cdecl std::operator<<<struct std::char_traits<char> >(class std::basic_ostream<char,struct std::char_traits<char> > &,char const *)" (??$?6U?$char_traits@D@std@@@std@@YAAAV?$basic_ostream@DU?$char_traits@D@std@@@0@AAV10@PBD@Z)
sfml-graphics-s-d.lib(Shader.obj) : warning LNK4049: locally defined symbol ??1_Container_base12@std@@QAE@XZ (public: __thiscall std::_Container_base12::~_Container_base12(void)) imported
sfml-window-s-d.lib(VideoMode.obj) : warning LNK4217: locally defined symbol ??1_Container_base12@std@@QAE@XZ (public: __thiscall std::_Container_base12::~_Container_base12(void)) imported in function "void __cdecl std::_Debug_range<class std::_Vector_iterator<class std::_Vector_val<struct std::_Simple_types<class sf::VideoMode> > > >(class std::_Vector_iterator<class std::_Vector_val<struct std::_Simple_types<class sf::VideoMode> > >,class std::_Vector_iterator<class std::_Vector_val<struct std::_Simple_types<class sf::VideoMode> > >,wchar_t const *,unsigned int)" (??$_Debug_range@V?$_Vector_iterator@V?$_Vector_val@U?$_Simple_types@VVideoMode@sf@@@std@@@std@@@std@@@std@@YAXV?$_Vector_iterator@V?$_Vector_val@U?$_Simple_types@VVideoMode@sf@@@std@@@std@@@0@0PB_WI@Z)
sfml-window-s-d.lib(Window.obj) : warning LNK4049: locally defined symbol ??1_Container_base12@std@@QAE@XZ (public: __thiscall std::_Container_base12::~_Container_base12(void)) imported
sfml-window-s-d.lib(VideoModeImpl.obj) : warning LNK4049: locally defined symbol ??1_Container_base12@std@@QAE@XZ (public: __thiscall std::_Container_base12::~_Container_base12(void)) imported
sfml-graphics-s-d.lib(ImageLoader.obj) : warning LNK4049: locally defined symbol ??1_Container_base12@std@@QAE@XZ (public: __thiscall std::_Container_base12::~_Container_base12(void)) imported
sfml-graphics-s-d.lib(GLCheck.obj) : warning LNK4049: locally defined symbol ??1_Container_base12@std@@QAE@XZ (public: __thiscall std::_Container_base12::~_Container_base12(void)) imported
sfml-graphics-s-d.lib(TextureSaver.obj) : warning LNK4049: locally defined symbol ??1_Container_base12@std@@QAE@XZ (public: __thiscall std::_Container_base12::~_Container_base12(void)) imported
sfml-graphics-s-d.lib(VertexArray.obj) : warning LNK4049: locally defined symbol ??1_Container_base12@std@@QAE@XZ (public: __thiscall std::_Container_base12::~_Container_base12(void)) imported
sfml-graphics-s-d.lib(Font.obj) : warning LNK4049: locally defined symbol ??1_Container_base12@std@@QAE@XZ (public: __thiscall std::_Container_base12::~_Container_base12(void)) imported
sfml-graphics-s-d.lib(RenderTarget.obj) : warning LNK4217: locally defined symbol ??1_Container_base12@std@@QAE@XZ (public: __thiscall std::_Container_base12::~_Container_base12(void)) imported in function "public: virtual char const * __thiscall std::_System_error_category::name(void)const " (?name@_System_error_category@std@@UBEPBDXZ)
sfml-graphics-s-d.lib(RenderWindow.obj) : warning LNK4217: locally defined symbol ??1_Container_base12@std@@QAE@XZ (public: __thiscall std::_Container_base12::~_Container_base12(void)) imported in function "protected: unsigned char * __thiscall std::vector<unsigned char,class std::allocator<unsigned char> >::_Ucopy<class std::_Vector_const_iterator<class std::_Vector_val<struct std::_Simple_types<unsigned char> > > >(class std::_Vector_const_iterator<class std::_Vector_val<struct std::_Simple_types<unsigned char> > >,class std::_Vector_const_iterator<class std::_Vector_val<struct std::_Simple_types<unsigned char> > >,unsigned char *)" (??$_Ucopy@V?$_Vector_const_iterator@V?$_Vector_val@U?$_Simple_types@E@std@@@std@@@std@@@?$vector@EV?$allocator@E@std@@@std@@IAEPAEV?$_Vector_const_iterator@V?$_Vector_val@U?$_Simple_types@E@std@@@std@@@1@0PAE@Z)
sfml-graphics-s-d.lib(Text.obj) : warning LNK4217: locally defined symbol ??1_Container_base12@std@@QAE@XZ (public: __thiscall std::_Container_base12::~_Container_base12(void)) imported in function "protected: void __thiscall std::vector<class sf::Vertex,class std::allocator<class sf::Vertex> >::_Destroy(class sf::Vertex *,class sf::Vertex *)" (?_Destroy@?$vector@VVertex@sf@@V?$allocator@VVertex@sf@@@std@@@std@@IAEXPAVVertex@sf@@0@Z)
sfml-graphics-s-d.lib(Image.obj) : warning LNK4217: locally defined symbol ??1_Container_base12@std@@QAE@XZ (public: __thiscall std::_Container_base12::~_Container_base12(void)) imported in function "public: __thiscall std::_String_val<struct std::_Simple_types<char> >::~_String_val<struct std::_Simple_types<char> >(void)" (??1?$_String_val@U?$_Simple_types@D@std@@@std@@QAE@XZ)
sfml-graphics-s-d.lib(Texture.obj) : warning LNK4217: locally defined symbol ??1_Container_base12@std@@QAE@XZ (public: __thiscall std::_Container_base12::~_Container_base12(void)) imported in function "public: class std::basic_string<char,struct std::char_traits<char>,class std::allocator<char> > & __thiscall std::basic_string<char,struct std::char_traits<char>,class std::allocator<char> >::erase(unsigned int,unsigned int)" (?erase@?$basic_string@DU?$char_traits@D@std@@V?$allocator@D@2@@std@@QAEAAV12@II@Z)
sfml-graphics-s-d.lib(Sprite.obj) : warning LNK4049: locally defined symbol ??1_Container_base12@std@@QAE@XZ (public: __thiscall std::_Container_base12::~_Container_base12(void)) imported
sfml-graphics-s-d.lib(Shape.obj) : warning LNK4217: locally defined symbol ??1_Container_base12@std@@QAE@XZ (public: __thiscall std::_Container_base12::~_Container_base12(void)) imported in function "public: __thiscall std::_Generic_error_category::_Generic_error_category(void)" (??0_Generic_error_category@std@@QAE@XZ)
sfml-graphics-s-d.lib(Shader.obj) : warning LNK4049: locally defined symbol ?_Getpfirst@_Container_base12@std@@QBEPAPAU_Iterator_base12@2@XZ (public: struct std::_Iterator_base12 * * __thiscall std::_Container_base12::_Getpfirst(void)const ) imported
sfml-window-s-d.lib(VideoModeImpl.obj) : warning LNK4049: locally defined symbol ?_Getpfirst@_Container_base12@std@@QBEPAPAU_Iterator_base12@2@XZ (public: struct std::_Iterator_base12 * * __thiscall std::_Container_base12::_Getpfirst(void)const ) imported
sfml-window-s-d.lib(GlContext.obj) : warning LNK4049: locally defined symbol ?_Getpfirst@_Container_base12@std@@QBEPAPAU_Iterator_base12@2@XZ (public: struct std::_Iterator_base12 * * __thiscall std::_Container_base12::_Getpfirst(void)const ) imported
sfml-window-s-d.lib(WindowImpl.obj) : warning LNK4217: locally defined symbol ?_Getpfirst@_Container_base12@std@@QBEPAPAU_Iterator_base12@2@XZ (public: struct std::_Iterator_base12 * * __thiscall std::_Container_base12::_Getpfirst(void)const ) imported in function "public: class std::basic_string<char,struct std::char_traits<char>,class std::allocator<char> > & __thiscall std::basic_string<char,struct std::char_traits<char>,class std::allocator<char> >::assign(char const *)" (?assign@?$basic_string@DU?$char_traits@D@std@@V?$allocator@D@2@@std@@QAEAAV12@PBD@Z)
sfml-graphics-s-d.lib(Image.obj) : warning LNK4217: locally defined symbol ?_Getpfirst@_Container_base12@std@@QBEPAPAU_Iterator_base12@2@XZ (public: struct std::_Iterator_base12 * * __thiscall std::_Container_base12::_Getpfirst(void)const ) imported in function "protected: void __thiscall std::vector<unsigned char,class std::allocator<unsigned char> >::_Orphan_range(unsigned char *,unsigned char *)const " (?_Orphan_range@?$vector@EV?$allocator@E@std@@@std@@IBEXPAE0@Z)
sfml-graphics-s-d.lib(Font.obj) : warning LNK4049: locally defined symbol ?_Getpfirst@_Container_base12@std@@QBEPAPAU_Iterator_base12@2@XZ (public: struct std::_Iterator_base12 * * __thiscall std::_Container_base12::_Getpfirst(void)const ) imported
sfml-graphics-s-d.lib(ImageLoader.obj) : warning LNK4049: locally defined symbol ?_Getpfirst@_Container_base12@std@@QBEPAPAU_Iterator_base12@2@XZ (public: struct std::_Iterator_base12 * * __thiscall std::_Container_base12::_Getpfirst(void)const ) imported
sfml-graphics-s-d.lib(VertexArray.obj) : warning LNK4049: locally defined symbol ?_Getpfirst@_Container_base12@std@@QBEPAPAU_Iterator_base12@2@XZ (public: struct std::_Iterator_base12 * * __thiscall std::_Container_base12::_Getpfirst(void)const ) imported
sfml-system-s-d.lib(String.obj) : warning LNK4049: locally defined symbol ?_Orphan_all@_Container_base12@std@@QAEXXZ (public: void __thiscall std::_Container_base12::_Orphan_all(void)) imported
sfml-system-s-d.lib(Err.obj) : warning LNK4049: locally defined symbol ?_Orphan_all@_Container_base12@std@@QAEXXZ (public: void __thiscall std::_Container_base12::_Orphan_all(void)) imported
sfml-window-s-d.lib(GlContext.obj) : warning LNK4049: locally defined symbol ?_Orphan_all@_Container_base12@std@@QAEXXZ (public: void __thiscall std::_Container_base12::_Orphan_all(void)) imported
sfml-window-s-d.lib(WindowImpl.obj) : warning LNK4217: locally defined symbol ?_Orphan_all@_Container_base12@std@@QAEXXZ (public: void __thiscall std::_Container_base12::_Orphan_all(void)) imported in function __catch$?_Copy@?$basic_string@DU?$char_traits@D@std@@V?$allocator@D@2@@std@@QAEXII@Z$1
sfml-window-s-d.lib(WglContext.obj) : warning LNK4049: locally defined symbol ?_Orphan_all@_Container_base12@std@@QAEXXZ (public: void __thiscall std::_Container_base12::_Orphan_all(void)) imported
sfml-window-s-d.lib(WindowImplWin32.obj) : warning LNK4217: locally defined symbol ?_Orphan_all@_Container_base12@std@@QAEXXZ (public: void __thiscall std::_Container_base12::_Orphan_all(void)) imported in function "public: __thiscall std::basic_ostream<char,struct std::char_traits<char> >::sentry::~sentry(void)" (??1sentry@?$basic_ostream@DU?$char_traits@D@std@@@std@@QAE@XZ)
sfml-graphics-s-d.lib(Shader.obj) : warning LNK4049: locally defined symbol ?_Orphan_all@_Container_base12@std@@QAEXXZ (public: void __thiscall std::_Container_base12::_Orphan_all(void)) imported
sfml-window-s-d.lib(VideoMode.obj) : warning LNK4217: locally defined symbol ?_Orphan_all@_Container_base12@std@@QAEXXZ (public: void __thiscall std::_Container_base12::_Orphan_all(void)) imported in function "public: static class std::vector<class sf::VideoMode,class std::allocator<class sf::VideoMode> > const & __cdecl sf::VideoMode::getFullscreenModes(void)" (?getFullscreenModes@VideoMode@sf@@SAABV?$vector@VVideoMode@sf@@V?$allocator@VVideoMode@sf@@@std@@@std@@XZ)
sfml-window-s-d.lib(Window.obj) : warning LNK4049: locally defined symbol ?_Orphan_all@_Container_base12@std@@QAEXXZ (public: void __thiscall std::_Container_base12::_Orphan_all(void)) imported
sfml-window-s-d.lib(VideoModeImpl.obj) : warning LNK4049: locally defined symbol ?_Orphan_all@_Container_base12@std@@QAEXXZ (public: void __thiscall std::_Container_base12::_Orphan_all(void)) imported
sfml-graphics-s-d.lib(ImageLoader.obj) : warning LNK4049: locally defined symbol ?_Orphan_all@_Container_base12@std@@QAEXXZ (public: void __thiscall std::_Container_base12::_Orphan_all(void)) imported
sfml-graphics-s-d.lib(GLCheck.obj) : warning LNK4049: locally defined symbol ?_Orphan_all@_Container_base12@std@@QAEXXZ (public: void __thiscall std::_Container_base12::_Orphan_all(void)) imported
sfml-graphics-s-d.lib(TextureSaver.obj) : warning LNK4049: locally defined symbol ?_Orphan_all@_Container_base12@std@@QAEXXZ (public: void __thiscall std::_Container_base12::_Orphan_all(void)) imported
sfml-graphics-s-d.lib(VertexArray.obj) : warning LNK4049: locally defined symbol ?_Orphan_all@_Container_base12@std@@QAEXXZ (public: void __thiscall std::_Container_base12::_Orphan_all(void)) imported
sfml-graphics-s-d.lib(Font.obj) : warning LNK4049: locally defined symbol ?_Orphan_all@_Container_base12@std@@QAEXXZ (public: void __thiscall std::_Container_base12::_Orphan_all(void)) imported
sfml-graphics-s-d.lib(RenderTarget.obj) : warning LNK4049: locally defined symbol ?_Orphan_all@_Container_base12@std@@QAEXXZ (public: void __thiscall std::_Container_base12::_Orphan_all(void)) imported
sfml-graphics-s-d.lib(RenderWindow.obj) : warning LNK4049: locally defined symbol ?_Orphan_all@_Container_base12@std@@QAEXXZ (public: void __thiscall std::_Container_base12::_Orphan_all(void)) imported
sfml-graphics-s-d.lib(Text.obj) : warning LNK4049: locally defined symbol ?_Orphan_all@_Container_base12@std@@QAEXXZ (public: void __thiscall std::_Container_base12::_Orphan_all(void)) imported
sfml-graphics-s-d.lib(Image.obj) : warning LNK4217: locally defined symbol ?_Orphan_all@_Container_base12@std@@QAEXXZ (public: void __thiscall std::_Container_base12::_Orphan_all(void)) imported in function "public: void __thiscall std::_String_alloc<0,struct std::_String_base_types<char,class std::allocator<char> > >::_Free_proxy(void)" (?_Free_proxy@?$_String_alloc@$0A@U?$_String_base_types@DV?$allocator@D@std@@@std@@@std@@QAEXXZ)
sfml-graphics-s-d.lib(Texture.obj) : warning LNK4217: locally defined symbol ?_Orphan_all@_Container_base12@std@@QAEXXZ (public: void __thiscall std::_Container_base12::_Orphan_all(void)) imported in function "class std::basic_ostream<char,struct std::char_traits<char> > & __cdecl std::operator<<<struct std::char_traits<char> >(class std::basic_ostream<char,struct std::char_traits<char> > &,char const *)" (??$?6U?$char_traits@D@std@@@std@@YAAAV?$basic_ostream@DU?$char_traits@D@std@@@0@AAV10@PBD@Z)
sfml-graphics-s-d.lib(Sprite.obj) : warning LNK4049: locally defined symbol ?_Orphan_all@_Container_base12@std@@QAEXXZ (public: void __thiscall std::_Container_base12::_Orphan_all(void)) imported
sfml-graphics-s-d.lib(Shape.obj) : warning LNK4049: locally defined symbol ?_Orphan_all@_Container_base12@std@@QAEXXZ (public: void __thiscall std::_Container_base12::_Orphan_all(void)) imported
sfml-system-s-d.lib(String.obj) : error LNK2001: unresolved external symbol "__declspec(dllimport) char const * __cdecl std::_Winerror_map(int)" (__imp_?_Winerror_map@std@@YAPBDH@Z)
sfml-system-s-d.lib(Err.obj) : error LNK2001: unresolved external symbol "__declspec(dllimport) char const * __cdecl std::_Winerror_map(int)" (__imp_?_Winerror_map@std@@YAPBDH@Z)
sfml-window-s-d.lib(Window.obj) : error LNK2001: unresolved external symbol "__declspec(dllimport) char const * __cdecl std::_Winerror_map(int)" (__imp_?_Winerror_map@std@@YAPBDH@Z)
sfml-window-s-d.lib(WindowImpl.obj) : error LNK2001: unresolved external symbol "__declspec(dllimport) char const * __cdecl std::_Winerror_map(int)" (__imp_?_Winerror_map@std@@YAPBDH@Z)
sfml-window-s-d.lib(WglContext.obj) : error LNK2001: unresolved external symbol "__declspec(dllimport) char const * __cdecl std::_Winerror_map(int)" (__imp_?_Winerror_map@std@@YAPBDH@Z)
sfml-window-s-d.lib(WindowImplWin32.obj) : error LNK2001: unresolved external symbol "__declspec(dllimport) char const * __cdecl std::_Winerror_map(int)" (__imp_?_Winerror_map@std@@YAPBDH@Z)
sfml-graphics-s-d.lib(ImageLoader.obj) : error LNK2001: unresolved external symbol "__declspec(dllimport) char const * __cdecl std::_Winerror_map(int)" (__imp_?_Winerror_map@std@@YAPBDH@Z)
sfml-graphics-s-d.lib(GLCheck.obj) : error LNK2001: unresolved external symbol "__declspec(dllimport) char const * __cdecl std::_Winerror_map(int)" (__imp_?_Winerror_map@std@@YAPBDH@Z)
sfml-graphics-s-d.lib(TextureSaver.obj) : error LNK2001: unresolved external symbol "__declspec(dllimport) char const * __cdecl std::_Winerror_map(int)" (__imp_?_Winerror_map@std@@YAPBDH@Z)
sfml-graphics-s-d.lib(Shader.obj) : error LNK2001: unresolved external symbol "__declspec(dllimport) char const * __cdecl std::_Winerror_map(int)" (__imp_?_Winerror_map@std@@YAPBDH@Z)
sfml-graphics-s-d.lib(Font.obj) : error LNK2001: unresolved external symbol "__declspec(dllimport) char const * __cdecl std::_Winerror_map(int)" (__imp_?_Winerror_map@std@@YAPBDH@Z)
sfml-graphics-s-d.lib(RenderTarget.obj) : error LNK2001: unresolved external symbol "__declspec(dllimport) char const * __cdecl std::_Winerror_map(int)" (__imp_?_Winerror_map@std@@YAPBDH@Z)
sfml-graphics-s-d.lib(RenderWindow.obj) : error LNK2001: unresolved external symbol "__declspec(dllimport) char const * __cdecl std::_Winerror_map(int)" (__imp_?_Winerror_map@std@@YAPBDH@Z)
sfml-graphics-s-d.lib(Text.obj) : error LNK2001: unresolved external symbol "__declspec(dllimport) char const * __cdecl std::_Winerror_map(int)" (__imp_?_Winerror_map@std@@YAPBDH@Z)
sfml-graphics-s-d.lib(Image.obj) : error LNK2001: unresolved external symbol "__declspec(dllimport) char const * __cdecl std::_Winerror_map(int)" (__imp_?_Winerror_map@std@@YAPBDH@Z)
sfml-graphics-s-d.lib(Texture.obj) : error LNK2001: unresolved external symbol "__declspec(dllimport) char const * __cdecl std::_Winerror_map(int)" (__imp_?_Winerror_map@std@@YAPBDH@Z)
sfml-graphics-s-d.lib(Sprite.obj) : error LNK2001: unresolved external symbol "__declspec(dllimport) char const * __cdecl std::_Winerror_map(int)" (__imp_?_Winerror_map@std@@YAPBDH@Z)
sfml-graphics-s-d.lib(Shape.obj) : error LNK2001: unresolved external symbol "__declspec(dllimport) char const * __cdecl std::_Winerror_map(int)" (__imp_?_Winerror_map@std@@YAPBDH@Z)
sfml-graphics-s-d.lib(Font.obj) : error LNK2019: unresolved external symbol "__declspec(dllimport) public: void __thiscall std::_Container_base12::_Swap_all(struct std::_Container_base12 &)" (__imp_?_Swap_all@_Container_base12@std@@QAEXAAU12@@Z) referenced in function "public: void __thiscall std::_Tree<class std::_Tmap_traits<unsigned int,struct sf::Font::Page,struct std::less<unsigned int>,class std::allocator<struct std::pair<unsigned int const ,struct sf::Font::Page> >,0> >::swap(class std::_Tree<class std::_Tmap_traits<unsigned int,struct sf::Font::Page,struct std::less<unsigned int>,class std::allocator<struct std::pair<unsigned int const ,struct sf::Font::Page> >,0> > &)" (?swap@?$_Tree@V?$_Tmap_traits@IUPage@Font@sf@@U?$less@I@std@@V?$allocator@U?$pair@$$CBIUPage@Font@sf@@@std@@@5@$0A@@std@@@std@@QAEXAAV12@@Z)
sfml-window-s-d.lib(VideoMode.obj) : error LNK2001: unresolved external symbol "__declspec(dllimport) public: void __thiscall std::_Container_base12::_Swap_all(struct std::_Container_base12 &)" (__imp_?_Swap_all@_Container_base12@std@@QAEXAAU12@@Z)
sfml-window-s-d.lib(VideoModeImpl.obj) : error LNK2001: unresolved external symbol "__declspec(dllimport) public: void __thiscall std::_Container_base12::_Swap_all(struct std::_Container_base12 &)" (__imp_?_Swap_all@_Container_base12@std@@QAEXAAU12@@Z)
sfml-graphics-s-d.lib(Shader.obj) : error LNK2019: unresolved external symbol "__declspec(dllimport) public: __thiscall std::bad_cast::bad_cast(char const *)" (__imp_??0bad_cast@std@@QAE@PBD@Z) referenced in function "class std::codecvt<char,char,int> const & __cdecl std::use_facet<class std::codecvt<char,char,int> >(class std::locale const &)" (??$use_facet@V?$codecvt@DDH@std@@@std@@YAABV?$codecvt@DDH@0@ABVlocale@0@@Z)
sfml-system-s-d.lib(String.obj) : error LNK2001: unresolved external symbol "__declspec(dllimport) public: __thiscall std::bad_cast::bad_cast(char const *)" (__imp_??0bad_cast@std@@QAE@PBD@Z)
sfml-graphics-s-d.lib(Shader.obj) : error LNK2019: unresolved external symbol "__declspec(dllimport) public: int __thiscall std::codecvt<char,char,int>::in(int &,char const *,char const *,char const * &,char *,char *,char * &)const " (__imp_?in@?$codecvt@DDH@std@@QBEHAAHPBD1AAPBDPAD3AAPAD@Z) referenced in function "protected: virtual int __thiscall std::basic_filebuf<char,struct std::char_traits<char> >::uflow(void)" (?uflow@?$basic_filebuf@DU?$char_traits@D@std@@@std@@MAEHXZ)
sfml-graphics-s-d.lib(Shader.obj) : error LNK2019: unresolved external symbol "__declspec(dllimport) public: int __thiscall std::codecvt<char,char,int>::out(int &,char const *,char const *,char const * &,char *,char *,char * &)const " (__imp_?out@?$codecvt@DDH@std@@QBEHAAHPBD1AAPBDPAD3AAPAD@Z) referenced in function "protected: virtual int __thiscall std::basic_filebuf<char,struct std::char_traits<char> >::overflow(int)" (?overflow@?$basic_filebuf@DU?$char_traits@D@std@@@std@@MAEHH@Z)
sfml-graphics-s-d.lib(Shader.obj) : error LNK2019: unresolved external symbol "__declspec(dllimport) public: int __thiscall std::codecvt<char,char,int>::unshift(int &,char *,char *,char * &)const " (__imp_?unshift@?$codecvt@DDH@std@@QBEHAAHPAD1AAPAD@Z) referenced in function "protected: bool __thiscall std::basic_filebuf<char,struct std::char_traits<char> >::_Endwrite(void)" (?_Endwrite@?$basic_filebuf@DU?$char_traits@D@std@@@std@@IAE_NXZ)
sfml-graphics-s-d.lib(Shader.obj) : error LNK2019: unresolved external symbol "__declspec(dllimport) public: static unsigned int __cdecl std::codecvt<char,char,int>::_Getcat(class std::locale::facet const * *,class std::locale const *)" (__imp_?_Getcat@?$codecvt@DDH@std@@SAIPAPBVfacet@locale@2@PBV42@@Z) referenced in function "class std::codecvt<char,char,int> const & __cdecl std::use_facet<class std::codecvt<char,char,int> >(class std::locale const &)" (??$use_facet@V?$codecvt@DDH@std@@@std@@YAABV?$codecvt@DDH@0@ABVlocale@0@@Z)
sfml-graphics-s-d.lib(Shader.obj) : error LNK2019: unresolved external symbol "__declspec(dllimport) public: class std::fpos<int> __thiscall std::basic_istream<char,struct std::char_traits<char> >::tellg(void)" (__imp_?tellg@?$basic_istream@DU?$char_traits@D@std@@@std@@QAE?AV?$fpos@H@2@XZ) referenced in function "bool __cdecl `anonymous namespace'::getFileContents(class std::basic_string<char,struct std::char_traits<char>,class std::allocator<char> > const &,class std::vector<char,class std::allocator<char> > &)" (?getFileContents@?A0xb79b8b7d@@YA_NABV?$basic_string@DU?$char_traits@D@std@@V?$allocator@D@2@@std@@AAV?$vector@DV?$allocator@D@std@@@3@@Z)
sfml-graphics-s-d.lib(Shader.obj) : error LNK2001: unresolved external symbol "__declspec(dllimport) public: static class std::locale::id std::codecvt<char,char,int>::id" (__imp_?id@?$codecvt@DDH@std@@2V0locale@2@A)
sfml-graphics-s-d.lib(jerror.obj) : error LNK2019: unresolved external symbol _fprintf referenced in function _output_message
sfml-graphics-s-d.lib(jerror.obj) : error LNK2019: unresolved external symbol ___iob_func referenced in function _output_message
sfml-graphics-s-d.lib(jerror.obj) : error LNK2019: unresolved external symbol _sprintf referenced in function _format_message
sfml-graphics-s-d.lib(bdf.obj) : error LNK2001: unresolved external symbol _sprintf
sfml-graphics-s-d.lib(jmemmgr.obj) : error LNK2019: unresolved external symbol _sscanf referenced in function _jinit_memory_mgr
sfml-system-s-d.lib(Err.obj) : error LNK2019: unresolved external symbol __imp____iob_func referenced in function "private: virtual int __thiscall `anonymous namespace'::DefaultErrStreamBuf::sync(void)" (?sync@DefaultErrStreamBuf@?A0x4606e418@@EAEHXZ)
sfml-system-s-d.lib(Err.obj) : error LNK2001: unresolved external symbol "protected: virtual class std::fpos<int> __thiscall std::basic_streambuf<char,struct std::char_traits<char> >::seekoff(__int64,int,int)" (?seekoff@?$basic_streambuf@DU?$char_traits@D@std@@@std@@MAE?AV?$fpos@H@2@_JHH@Z)
sfml-system-s-d.lib(Err.obj) : error LNK2001: unresolved external symbol "protected: virtual class std::fpos<int> __thiscall std::basic_streambuf<char,struct std::char_traits<char> >::seekpos(class std::fpos<int>,int)" (?seekpos@?$basic_streambuf@DU?$char_traits@D@std@@@std@@MAE?AV?$fpos@H@2@V32@H@Z)
Z:\Banana Havok\Debug\sfml-template.exe : fatal error LNK1120: 16 unresolved externals
