Calling Socket() assigned file descriptor -1 (web_server.cc:194)
Calling bind(3,0x7ffe7a4b9770,16) (web_server.cc:218)
Using port 1651
Calling Socket() assigned file descriptor -1 (web_server.cc:194)
Calling bind(3,0x7ffe2d427e50,16) (web_server.cc:218)
Using port 2349
terminate called after throwing an instance of 'std::out_of_range'
  what():  basic_string::substr: __pos (which is 18446744073709551614) > this->size() (which is 3)
Calling listen(3,1) (web_server.cc:234)
Calling accept(3 NULL,NULL). (web_server.cc:247)
Program will now block until accepted.

We have recieved a connection on 4 (web_server.cc:257)
GET / HTTP/1.1
Host: isengard.mines.edu:2349
Connection: keep-alive
Upgrade-Insecure-Requests: 1
User-Agent: Mozilla/5.0 (Windows NT 10.0; Win64; x64) AppleWebKit/537.36 (KHTML, like Gecko) Chrome/61.0.3163.91 Safari/537.36 Vivaldi/1.93.955.36
Accept: text/html,application/xhtml+xml,application/xml;q=0.9,image/webp,image/apng,*/*;q=0.8
DNT: 1
Accept-Encoding: gzip, deflate
Accept-Language: en-US,en;q=0.8



Attempting to load file1.html

Found file1.html; sending 200 and content

HTTP/1.0 200 OK
Accept-Ranges: bytes
Content-Type: text/html
Content-Length: 9311



Preview of content sent:
<!DOCTYPE html ><html lang="en"><head>    <title>Michael Bartlett assignment 1</title>    <meta charset="utf-8">    <meta id="author" name="Michael Bartlett" content="Michael Bartlett" lang="en">    <

Calling accept(3 NULL,NULL). (web_server.cc:247)
Program will now block until accepted.

We have recieved a connection on 4 (web_server.cc:257)
GET /images/image2.png HTTP/1.1
Host: isengard.mines.edu:2349
Connection: keep-alive
User-Agent: Mozilla/5.0 (Windows NT 10.0; Win64; x64) AppleWebKit/537.36 (KHTML, like Gecko) Chrome/61.0.3163.91 Safari/537.36 Vivaldi/1.93.955.36
Accept: image/webp,image/apng,image/*,*/*;q=0.8
DNT: 1
Referer: http://isengard.mines.edu:2349/
Accept-Encoding: gzip, deflate
Accept-Language: en-US,en;q=0.8



Attempting to load images/image2.png

Found images/image2.png; sending 200 and content

HTTP/1.0 200 OK
Accept-Ranges: bytes
Content-Type: image/png
Content-Length: 952282



Calling accept(3 NULL,NULL). (web_server.cc:247)
Program will now block until accepted.

We have recieved a connection on 4 (web_server.cc:257)
GET /file2.css HTTP/1.1
Host: isengard.mines.edu:2349
Connection: keep-alive
User-Agent: Mozilla/5.0 (Windows NT 10.0; Win64; x64) AppleWebKit/537.36 (KHTML, like Gecko) Chrome/61.0.3163.91 Safari/537.36 Vivaldi/1.93.955.36
Accept: text/css,*/*;q=0.1
DNT: 1
Referer: http://isengard.mines.edu:2349/
Accept-Encoding: gzip, deflate
Accept-Language: en-US,en;q=0.8



Attempting to load file2.css

Found file2.css; sending 200 and content

HTTP/1.0 200 OK
Accept-Ranges: bytes
Content-Type: text/css
Content-Length: 2975



Preview of content sent:
body {    background: #d0d0e0;}#Newton_section {    background-image: url("./images/image1.png");    background-repeat: repeat;    /* opacity: 0.5;     */    /* top: 0; */    /* left: 0; */    /* bott

Calling accept(3 NULL,NULL). (web_server.cc:247)
Program will now block until accepted.

We have recieved a connection on 4 (web_server.cc:257)
GET /images/image1.png HTTP/1.1
Host: isengard.mines.edu:2349
Connection: keep-alive
User-Agent: Mozilla/5.0 (Windows NT 10.0; Win64; x64) AppleWebKit/537.36 (KHTML, like Gecko) Chrome/61.0.3163.91 Safari/537.36 Vivaldi/1.93.955.36
Accept: image/webp,image/apng,image/*,*/*;q=0.8
DNT: 1
Referer: http://isengard.mines.edu:2349/file2.css
Accept-Encoding: gzip, deflate
Accept-Language: en-US,en;q=0.8



Attempting to load images/image1.png

Found images/image1.png; sending 200 and content

HTTP/1.0 200 OK
Accept-Ranges: bytes
Content-Type: image/png
Content-Length: 700320



Calling accept(3 NULL,NULL). (web_server.cc:247)
Program will now block until accepted.

We have recieved a connection on 4 (web_server.cc:257)
GET /favicon.ico HTTP/1.1
Host: isengard.mines.edu:2349
Connection: keep-alive
User-Agent: Mozilla/5.0 (Windows NT 10.0; Win64; x64) AppleWebKit/537.36 (KHTML, like Gecko) Chrome/61.0.3163.91 Safari/537.36 Vivaldi/1.93.955.36
Accept: image/webp,image/apng,image/*,*/*;q=0.8
DNT: 1
Referer: http://isengard.mines.edu:2349/
Accept-Encoding: gzip, deflate
Accept-Language: en-US,en;q=0.8



Attempting to load favicon.ico

favicon.ico invalid file format request, sending 400

HTTP/1.0 400 Bad Request
Accept-Ranges: bytes
Content-Type: html
Content-Length: 0



Calling accept(3 NULL,NULL). (web_server.cc:247)
Program will now block until accepted.

We have recieved a connection on 4 (web_server.cc:257)
